\BOOKMARK [0][-]{section*.1}{\376\377\000D\000e\000c\000l\000a\000r\000a\000t\000i\000o\000n\000\040\000o\000f\000\040\000A\000u\000t\000h\000o\000r\000s\000h\000i\000p}{}% 1
\BOOKMARK [0][-]{section*.2}{\376\377\000A\000b\000s\000t\000r\000a\000c\000t}{}% 2
\BOOKMARK [0][-]{section*.3}{\376\377\000A\000c\000k\000n\000o\000w\000l\000e\000d\000g\000e\000m\000e\000n\000t\000s}{}% 3
\BOOKMARK [0][-]{chapter.5}{\376\377\000I\000n\000t\000r\000o\000d\000u\000c\000t\000i\000o\000n}{}% 4
\BOOKMARK [1][-]{section.6}{\376\377\000M\000o\000t\000i\000v\000a\000t\000i\000o\000n}{chapter.5}% 5
\BOOKMARK [1][-]{section.7}{\376\377\000D\000e\000s\000c\000r\000i\000p\000t\000i\000o\000n\000\040\000o\000f\000\040\000W\000o\000r\000k}{chapter.5}% 6
\BOOKMARK [1][-]{section.8}{\376\377\000P\000r\000o\000j\000e\000c\000t\000\040\000O\000u\000t\000l\000i\000n\000e}{chapter.5}% 7
\BOOKMARK [0][-]{chapter.9}{\376\377\000B\000a\000c\000k\000g\000r\000o\000u\000n\000d\000\040\000a\000n\000d\000\040\000R\000e\000l\000a\000t\000e\000d\000\040\000W\000o\000r\000k}{}% 8
\BOOKMARK [1][-]{section.10}{\376\377\000S\000o\000l\000u\000t\000i\000o\000n\000s}{chapter.9}% 9
\BOOKMARK [2][-]{subsection.11}{\376\377\000S\000t\000a\000t\000e\000\040\000C\000h\000a\000n\000n\000e\000l\000s}{section.10}% 10
\BOOKMARK [2][-]{subsection.12}{\376\377\000P\000l\000a\000s\000m\000a}{section.10}% 11
\BOOKMARK [2][-]{subsection.14}{\376\377\000S\000h\000a\000r\000d\000i\000n\000g}{section.10}% 12
\BOOKMARK [1][-]{section.16}{\376\377\000C\000h\000a\000l\000l\000e\000n\000g\000e\000s}{chapter.9}% 13
\BOOKMARK [0][-]{chapter.17}{\376\377\000D\000e\000s\000i\000g\000n}{}% 14
\BOOKMARK [1][-]{section.18}{\376\377\000S\000y\000s\000t\000e\000m\000\040\000S\000e\000t\000t\000i\000n\000g\000\040\000a\000n\000d\000\040\000A\000s\000s\000u\000m\000p\000t\000i\000o\000n\000s}{chapter.17}% 15
\BOOKMARK [2][-]{subsection.19}{\376\377\000E\000n\000t\000i\000t\000i\000e\000s}{section.18}% 16
\BOOKMARK [2][-]{subsection.21}{\376\377\000N\000e\000t\000w\000o\000r\000k\000\040\000S\000h\000a\000r\000d\000i\000n\000g}{section.18}% 17
\BOOKMARK [2][-]{subsection.22}{\376\377\000E\000p\000o\000c\000h\000s}{section.18}% 18
\BOOKMARK [2][-]{subsection.24}{\376\377\000N\000u\000m\000b\000e\000r\000\040\000o\000f\000\040\000S\000h\000a\000r\000d\000s}{section.18}% 19
\BOOKMARK [1][-]{section.35}{\376\377\000I\000d\000e\000n\000t\000i\000t\000y\000\040\000S\000e\000t\000u\000p\000\040\000a\000n\000d\000\040\000L\000e\000a\000d\000e\000r\000\040\000F\000o\000r\000m\000a\000t\000i\000o\000n}{chapter.17}% 20
\BOOKMARK [2][-]{subsection.36}{\376\377\000L\000e\000a\000d\000e\000r\000\040\000E\000l\000e\000c\000t\000i\000o\000n}{section.35}% 21
\BOOKMARK [2][-]{subsection.41}{\376\377\000L\000e\000a\000d\000e\000r\000\040\000A\000s\000s\000i\000g\000n\000m\000e\000n\000t}{section.35}% 22
\BOOKMARK [2][-]{subsection.44}{\376\377\000N\000e\000w\000\040\000V\000a\000l\000i\000d\000a\000t\000o\000r\000s\000\040\000J\000o\000i\000n\000i\000n\000g\000\040\000B\000a\000z\000o}{section.35}% 23
\BOOKMARK [1][-]{section.45}{\376\377\000T\000r\000a\000n\000s\000a\000c\000t\000i\000o\000n\000\040\000S\000h\000a\000r\000d\000i\000n\000g\000\040\000a\000n\000d\000\040\000P\000r\000o\000c\000e\000s\000s\000i\000n\000g}{chapter.17}% 24
\BOOKMARK [2][-]{subsection.46}{\376\377\000S\000e\000l\000f\000-\000C\000o\000n\000t\000a\000i\000n\000e\000d\000\040\000P\000r\000o\000o\000f\000s}{section.45}% 25
\BOOKMARK [2][-]{subsection.51}{\376\377\000T\000r\000a\000n\000s\000a\000c\000t\000i\000o\000n\000\040\000V\000a\000l\000i\000d\000a\000t\000i\000o\000n}{section.45}% 26
\BOOKMARK [2][-]{subsection.63}{\376\377\000T\000r\000a\000n\000s\000a\000c\000t\000i\000o\000n\000\040\000A\000g\000g\000r\000e\000g\000a\000t\000i\000o\000n}{section.45}% 27
\BOOKMARK [2][-]{subsection.70}{\376\377\000B\000l\000o\000c\000k\000\040\000H\000e\000i\000g\000h\000t\000\040\000S\000y\000n\000c\000h\000r\000o\000n\000i\000s\000a\000t\000i\000o\000n}{section.45}% 28
\BOOKMARK [1][-]{section.79}{\376\377\000E\000p\000o\000c\000h\000\040\000F\000i\000n\000a\000l\000i\000t\000y}{chapter.17}% 29
\BOOKMARK [0][-]{chapter.80}{\376\377\000I\000m\000p\000l\000e\000m\000e\000n\000t\000a\000t\000i\000o\000n}{}% 30
\BOOKMARK [1][-]{section.81}{\376\377\000T\000r\000a\000n\000s\000a\000c\000t\000i\000o\000n\000s}{chapter.80}% 31
\BOOKMARK [2][-]{subsection.82}{\376\377\000S\000t\000a\000k\000e\000\040\000T\000r\000a\000n\000s\000a\000c\000t\000i\000o\000n\000\040\000\050\000S\000t\000a\000k\000e\000T\000x\000\051}{section.81}% 32
\BOOKMARK [2][-]{subsection.83}{\376\377\000S\000y\000s\000t\000e\000m\000\040\000P\000a\000r\000a\000m\000e\000t\000e\000r\000s\000\040\000\050\000C\000o\000n\000f\000i\000g\000T\000x\000\051}{section.81}% 33
\BOOKMARK [2][-]{subsection.84}{\376\377\000F\000u\000n\000d\000s\000\040\000T\000r\000a\000n\000s\000a\000c\000t\000i\000o\000n\000\040\000\050\000F\000u\000n\000d\000s\000T\000x\000\051}{section.81}% 34
\BOOKMARK [2][-]{subsection.85}{\376\377\000A\000g\000g\000r\000e\000g\000a\000t\000i\000o\000n\000\040\000T\000r\000a\000n\000s\000a\000c\000t\000i\000o\000n\000\040\000\050\000A\000g\000g\000T\000x\000\051}{section.81}% 35
\BOOKMARK [1][-]{section.87}{\376\377\000B\000l\000o\000c\000k\000s}{chapter.80}% 36
\BOOKMARK [2][-]{subsection.89}{\376\377\000S\000h\000a\000r\000d\000\040\000B\000l\000o\000c\000k}{section.87}% 37
\BOOKMARK [2][-]{subsection.90}{\376\377\000E\000p\000o\000c\000h\000\040\000B\000l\000o\000c\000k}{section.87}% 38
\BOOKMARK [2][-]{subsection.91}{\376\377\000A\000g\000g\000r\000e\000g\000a\000t\000i\000o\000n\000\040\000B\000l\000o\000c\000k}{section.87}% 39
\BOOKMARK [0][-]{chapter.92}{\376\377\000E\000v\000a\000l\000u\000a\000t\000i\000o\000n}{}% 40
\BOOKMARK [1][-]{section.93}{\376\377\000S\000e\000c\000u\000r\000i\000t\000y\000\040\000C\000o\000n\000s\000i\000d\000e\000r\000a\000t\000i\000o\000n\000s}{chapter.92}% 41
\BOOKMARK [1][-]{section.98}{\376\377\000A\000t\000t\000a\000c\000k\000\040\000S\000c\000e\000n\000a\000r\000i\000o\000s}{chapter.92}% 42
\BOOKMARK [0][-]{chapter.101}{\376\377\000S\000u\000m\000m\000a\000r\000y\000,\000\040\000C\000o\000n\000c\000l\000u\000s\000i\000o\000n\000,\000\040\000a\000n\000d\000\040\000F\000u\000t\000u\000r\000e\000\040\000W\000o\000r\000k}{}% 43
\BOOKMARK [0][-]{appendix*.103}{\376\377\000B\000i\000b\000l\000i\000o\000g\000r\000a\000p\000h\000y}{}% 44
